<?xml version="1.0" encoding="UTF-8"?>
<testsuite name="cn.edu.hqu.cst.javaee.HuaMent.controller.HomeControllerTest" tests="1" skipped="0" failures="0" errors="0" timestamp="2018-04-02T14:49:22" hostname="HP" time="0.003">
  <properties/>
  <testcase name="testHomePage" classname="cn.edu.hqu.cst.javaee.HuaMent.controller.HomeControllerTest" time="0.003"/>
  <system-out><![CDATA[]]></system-out>
  <system-err><![CDATA[]]></system-err>
</testsuite>
